android/capacitor-cordova-android-plugins/build/intermediates/manifest_merge_blame_file/debug/manifest-merger-blame-debug-report.txt
1<?xml version="1.0" encoding="utf-8"?>
2<manifest xmlns:amazon="http://schemas.amazon.com/apk/res/android"
3    xmlns:android="http://schemas.android.com/apk/res/android"
4    package="capacitor.cordova.android.plugins" >
5
6    <uses-sdk android:minSdkVersion="22" />
7
8    <uses-permission android:name="android.permission.CAMERA" />
8-->src\main\AndroidManifest.xml:11:1-60
8-->src\main\AndroidManifest.xml:11:18-58
9    <uses-permission android:name="android.permission.FLASHLIGHT" />
9-->src\main\AndroidManifest.xml:12:1-64
9-->src\main\AndroidManifest.xml:12:18-62
10
11    <uses-feature
11-->src\main\AndroidManifest.xml:13:1-79
12        android:name="android.hardware.camera"
12-->src\main\AndroidManifest.xml:13:15-53
13        android:required="true" />
13-->src\main\AndroidManifest.xml:13:54-77
14
15    <application>
15-->src\main\AndroidManifest.xml:4:1-10:15
16        <provider
16-->src\main\AndroidManifest.xml:5:1-7:12
17            android:name="de.appplant.cordova.emailcomposer.Provider"
17-->src\main\AndroidManifest.xml:5:11-68
18            android:authorities="${applicationId}.emailcomposer.provider"
18-->src\main\AndroidManifest.xml:5:69-130
19            android:exported="false"
19-->src\main\AndroidManifest.xml:5:131-155
20            android:grantUriPermissions="true" >
20-->src\main\AndroidManifest.xml:5:156-190
21            <meta-data
21-->src\main\AndroidManifest.xml:6:3-119
22                android:name="android.support.FILE_PROVIDER_PATHS"
22-->src\main\AndroidManifest.xml:6:14-64
23                android:resource="@xml/emailcomposer_provider_paths" />
23-->src\main\AndroidManifest.xml:6:65-117
24        </provider>
25
26        <activity
26-->src\main\AndroidManifest.xml:8:1-302
27            android:name="com.google.zxing.client.android.CaptureActivity"
27-->src\main\AndroidManifest.xml:8:11-73
28            android:clearTaskOnLaunch="true"
28-->src\main\AndroidManifest.xml:8:74-106
29            android:configChanges="orientation|keyboardHidden|screenSize"
29-->src\main\AndroidManifest.xml:8:107-168
30            android:exported="false"
30-->src\main\AndroidManifest.xml:8:276-300
31            android:theme="@android:style/Theme.NoTitleBar.Fullscreen"
31-->src\main\AndroidManifest.xml:8:169-227
32            android:windowSoftInputMode="stateAlwaysHidden" />
32-->src\main\AndroidManifest.xml:8:228-275
33        <activity
33-->src\main\AndroidManifest.xml:9:1-103
34            android:name="com.google.zxing.client.android.encode.EncodeActivity"
34-->src\main\AndroidManifest.xml:9:11-79
35            android:label="Share" />
35-->src\main\AndroidManifest.xml:9:80-101
36    </application>
37
38</manifest>